Arguments: 
  /usr/local/bin/node /usr/local/Cellar/yarn/1.16.0/libexec/bin/yarn.js add concurrently

PATH: 
  /Library/Frameworks/Python.framework/Versions/3.7/bin:/usr/local/bin:/usr/bin:/bin:/usr/sbin:/sbin:/Library/Frameworks/Python.framework/Versions/3.7/bin

Yarn version: 
  1.16.0

Node version: 
  10.15.3

Platform: 
  darwin x64

Trace: 
  Error: EACCES: permission denied, mkdir '/Users/minebox123/projects/devConnector/node_modules/cliui/node_modules'

npm manifest: 
  {
    "name": "devconnector",
    "version": "1.0.0",
    "description": "Social network for developers",
    "main": "server.js",
    "scripts": {
      "start": "node server.js",
      "server": "nodemon sever.js"
    },
    "author": "Ilya Solodeev",
    "license": "MIT",
    "dependencies": {
      "bcryptjs": "^2.4.3",
      "body-parser": "^1.19.0",
      "express": "^4.17.1",
      "gravatar": "^1.8.0",
      "jsonwebtoken": "^8.5.1",
      "mongoose": "^5.5.11",
      "passport": "^0.4.0",
      "passport-jwt": "^4.0.0",
      "validator": "^11.0.0"
    },
    "devDependencies": {
      "nodemon": "^1.19.1"
    }
  }

yarn manifest: 
  No manifest

Lockfile: 
  No lockfile
